2024-05-23 17:33:02,050 - P3C - INFO - Copy the Config file from ./cfgs/EPN3D_models/P3C.yaml to ./experiments/P3C/EPN3D_models/default/config.yaml
2024-05-23 17:33:02,050 - P3C - INFO - args.config : ./cfgs/EPN3D_models/P3C.yaml
2024-05-23 17:33:02,050 - P3C - INFO - args.launcher : none
2024-05-23 17:33:02,050 - P3C - INFO - args.local_rank : 0
2024-05-23 17:33:02,050 - P3C - INFO - args.num_workers : 4
2024-05-23 17:33:02,050 - P3C - INFO - args.seed : 0
2024-05-23 17:33:02,050 - P3C - INFO - args.deterministic : False
2024-05-23 17:33:02,050 - P3C - INFO - args.sync_bn : False
2024-05-23 17:33:02,050 - P3C - INFO - args.exp_name : default
2024-05-23 17:33:02,050 - P3C - INFO - args.start_ckpts : None
2024-05-23 17:33:02,050 - P3C - INFO - args.ckpts : None
2024-05-23 17:33:02,050 - P3C - INFO - args.val_freq : 1
2024-05-23 17:33:02,050 - P3C - INFO - args.resume : False
2024-05-23 17:33:02,050 - P3C - INFO - args.save_pred : False
2024-05-23 17:33:02,050 - P3C - INFO - args.test : False
2024-05-23 17:33:02,050 - P3C - INFO - args.vae : False
2024-05-23 17:33:02,050 - P3C - INFO - args.mode : None
2024-05-23 17:33:02,051 - P3C - INFO - args.experiment_path : ./experiments/P3C/EPN3D_models/default
2024-05-23 17:33:02,051 - P3C - INFO - args.tfboard_path : ./experiments/P3C/EPN3D_models/TFBoard/default
2024-05-23 17:33:02,051 - P3C - INFO - args.log_name : P3C
2024-05-23 17:33:02,051 - P3C - INFO - args.use_gpu : True
2024-05-23 17:33:02,051 - P3C - INFO - args.distributed : False
2024-05-23 17:33:02,051 - P3C - INFO - config.optimizer = edict()
2024-05-23 17:33:02,051 - P3C - INFO - config.optimizer.type : AdamW
2024-05-23 17:33:02,051 - P3C - INFO - config.optimizer.kwargs = edict()
2024-05-23 17:33:02,051 - P3C - INFO - config.optimizer.kwargs.lr : 0.0001
2024-05-23 17:33:02,051 - P3C - INFO - config.optimizer.kwargs.weight_decay : 0.0001
2024-05-23 17:33:02,051 - P3C - INFO - config.scheduler = edict()
2024-05-23 17:33:02,051 - P3C - INFO - config.scheduler.type : LambdaLR
2024-05-23 17:33:02,051 - P3C - INFO - config.scheduler.kwargs = edict()
2024-05-23 17:33:02,051 - P3C - INFO - config.scheduler.kwargs.decay_step : 20
2024-05-23 17:33:02,051 - P3C - INFO - config.scheduler.kwargs.lr_decay : 0.9
2024-05-23 17:33:02,051 - P3C - INFO - config.scheduler.kwargs.lowest_decay : 0.02
2024-05-23 17:33:02,051 - P3C - INFO - config.bnmscheduler = edict()
2024-05-23 17:33:02,051 - P3C - INFO - config.bnmscheduler.type : Lambda
2024-05-23 17:33:02,051 - P3C - INFO - config.bnmscheduler.kwargs = edict()
2024-05-23 17:33:02,051 - P3C - INFO - config.bnmscheduler.kwargs.decay_step : 21
2024-05-23 17:33:02,051 - P3C - INFO - config.bnmscheduler.kwargs.bn_decay : 0.5
2024-05-23 17:33:02,051 - P3C - INFO - config.bnmscheduler.kwargs.bn_momentum : 0.9
2024-05-23 17:33:02,051 - P3C - INFO - config.bnmscheduler.kwargs.lowest_decay : 0.01
2024-05-23 17:33:02,051 - P3C - INFO - config.dataset = edict()
2024-05-23 17:33:02,051 - P3C - INFO - config.dataset.train = edict()
2024-05-23 17:33:02,051 - P3C - INFO - config.dataset.train._base_ = edict()
2024-05-23 17:33:02,051 - P3C - INFO - config.dataset.train._base_.NAME : EPN3D
2024-05-23 17:33:02,051 - P3C - INFO - config.dataset.train._base_.N_POINTS : 2048
2024-05-23 17:33:02,051 - P3C - INFO - config.dataset.train._base_.CATEGORY_FILE_PATH : ./data/EPN3D_rope/EPN3D.json
2024-05-23 17:33:02,051 - P3C - INFO - config.dataset.train._base_.PARTIAL_POINTS_PATH : ./data/EPN3D_rope/%s/partial/%s.npy
2024-05-23 17:33:02,051 - P3C - INFO - config.dataset.train._base_.COMPLETE_POINTS_PATH : ./data/EPN3D_rope/%s/complete/%s.npy
2024-05-23 17:33:02,051 - P3C - INFO - config.dataset.train.others = edict()
2024-05-23 17:33:02,051 - P3C - INFO - config.dataset.train.others.subset : train
2024-05-23 17:33:02,051 - P3C - INFO - config.dataset.train.others.class_choice : ['rope']
2024-05-23 17:33:02,051 - P3C - INFO - config.dataset.train.others.bs : 32
2024-05-23 17:33:02,051 - P3C - INFO - config.dataset.val = edict()
2024-05-23 17:33:02,051 - P3C - INFO - config.dataset.val._base_ = edict()
2024-05-23 17:33:02,051 - P3C - INFO - config.dataset.val._base_.NAME : EPN3D
2024-05-23 17:33:02,051 - P3C - INFO - config.dataset.val._base_.N_POINTS : 2048
2024-05-23 17:33:02,051 - P3C - INFO - config.dataset.val._base_.CATEGORY_FILE_PATH : ./data/EPN3D_rope/EPN3D.json
2024-05-23 17:33:02,051 - P3C - INFO - config.dataset.val._base_.PARTIAL_POINTS_PATH : ./data/EPN3D_rope/%s/partial/%s.npy
2024-05-23 17:33:02,051 - P3C - INFO - config.dataset.val._base_.COMPLETE_POINTS_PATH : ./data/EPN3D_rope/%s/complete/%s.npy
2024-05-23 17:33:02,051 - P3C - INFO - config.dataset.val.others = edict()
2024-05-23 17:33:02,051 - P3C - INFO - config.dataset.val.others.subset : test
2024-05-23 17:33:02,051 - P3C - INFO - config.dataset.val.others.class_choice : ['rope']
2024-05-23 17:33:02,051 - P3C - INFO - config.dataset.test = edict()
2024-05-23 17:33:02,051 - P3C - INFO - config.dataset.test._base_ = edict()
2024-05-23 17:33:02,051 - P3C - INFO - config.dataset.test._base_.NAME : EPN3D
2024-05-23 17:33:02,051 - P3C - INFO - config.dataset.test._base_.N_POINTS : 2048
2024-05-23 17:33:02,052 - P3C - INFO - config.dataset.test._base_.CATEGORY_FILE_PATH : ./data/EPN3D_rope/EPN3D.json
2024-05-23 17:33:02,052 - P3C - INFO - config.dataset.test._base_.PARTIAL_POINTS_PATH : ./data/EPN3D_rope/%s/partial/%s.npy
2024-05-23 17:33:02,052 - P3C - INFO - config.dataset.test._base_.COMPLETE_POINTS_PATH : ./data/EPN3D_rope/%s/complete/%s.npy
2024-05-23 17:33:02,052 - P3C - INFO - config.dataset.test.others = edict()
2024-05-23 17:33:02,052 - P3C - INFO - config.dataset.test.others.subset : test
2024-05-23 17:33:02,052 - P3C - INFO - config.dataset.test.others.class_choice : ['rope']
2024-05-23 17:33:02,052 - P3C - INFO - config.model = edict()
2024-05-23 17:33:02,052 - P3C - INFO - config.model.NAME : P2C
2024-05-23 17:33:02,052 - P3C - INFO - config.model.num_group : 64
2024-05-23 17:33:02,052 - P3C - INFO - config.model.group_size : 48
2024-05-23 17:33:02,052 - P3C - INFO - config.model.mask_ratio : [20, 40, 4]
2024-05-23 17:33:02,052 - P3C - INFO - config.model.feat_dim : 1024
2024-05-23 17:33:02,052 - P3C - INFO - config.model.n_points : 2048
2024-05-23 17:33:02,052 - P3C - INFO - config.model.shape_recon_weight : 1
2024-05-23 17:33:02,052 - P3C - INFO - config.model.shape_matching_weight : 1000
2024-05-23 17:33:02,052 - P3C - INFO - config.model.latent_weight : 0.1
2024-05-23 17:33:02,052 - P3C - INFO - config.model.nbr_ratio : 2.0
2024-05-23 17:33:02,052 - P3C - INFO - config.model.support : 16
2024-05-23 17:33:02,052 - P3C - INFO - config.model.neighborhood_size : 32
2024-05-23 17:33:02,052 - P3C - INFO - config.model.manifold_weight : 0.01
2024-05-23 17:33:02,052 - P3C - INFO - config.model.rope_smooth_weight : 0.005
2024-05-23 17:33:02,052 - P3C - INFO - config.total_bs : 32
2024-05-23 17:33:02,052 - P3C - INFO - config.step_per_update : 1
2024-05-23 17:33:02,052 - P3C - INFO - config.max_epoch : 500
2024-05-23 17:33:02,052 - P3C - INFO - config.consider_metric : CDL2
2024-05-23 17:33:02,052 - P3C - INFO - Distributed training: False
2024-05-23 17:33:02,052 - P3C - INFO - Process ID: 11712
2024-05-23 17:33:02,052 - P3C - INFO - Set random seed to 0, deterministic: False
2024-05-23 17:33:02,670 - P3C - INFO - Using Data parallel ...
